<?xml version="1.0" encoding="UTF-8"?>
<!-- Generated by org.testng.reporters.JUnitXMLReporter -->
<testsuite ignored="0" hostname="Priyasas-MacBook-Air-2.local" failures="2" tests="3" name="Default test(failed)" time="27.891" errors="0" timestamp="2026-09-10T13:54:19 IST">
  <testcase classname="testngScripts.BaseClassUtilization" name="clickOnSetting" time="6.861"/>
  <testcase classname="testngScripts.BaseClassUtilization" name="clickOnTasks" time="10.044">
    <failure type="org.openqa.selenium.NoSuchElementException" message="no such element: Unable to locate element: {&amp;quot;method&amp;quot;:&amp;quot;xpath&amp;quot;,&amp;quot;selector&amp;quot;:&amp;quot;//span[text()=&amp;apos;Tas&amp;apos;]&amp;quot;}
  (Session info: chrome=152.0.7977.83)
For documentation on this error, please visit: https://www.selenium.dev/documentation/webdriver/troubleshooting/errors#nosuchelementexception
Build info: version: &amp;apos;4.44.0&amp;apos;, revision: &amp;apos;da2039b&amp;apos;
System info: os.name: &amp;apos;Mac OS X&amp;apos;, os.arch: &amp;apos;aarch64&amp;apos;, os.version: &amp;apos;26.6.2&amp;apos;, java.version: &amp;apos;17.0.11&amp;apos;
Driver info: org.openqa.selenium.chrome.ChromeDriver
Command: [0afaa7cc2287e16da7bc8125f15377d0, findElement {value=//span[text()=&amp;apos;Tas&amp;apos;], using=xpath}]
Capabilities {acceptInsecureCerts: false, browserName: chrome, browserVersion: 152.0.7977.83, chrome: {chromedriverVersion: 152.0.7977.82 (d04cdb24d67b..., userDataDir: /var/folders/z3/7vw9n37s3bq...}, fedcm:accounts: true, goog:chromeOptions: {debuggerAddress: localhost:52391}, goog:processID: 9520, networkConnectionEnabled: false, pageLoadStrategy: normal, platformName: mac, proxy: Proxy(), se:cdp: ws://localhost:52391/devtoo..., se:cdpVersion: 152.0.7977.83, setWindowRect: true, strictFileInteractability: false, timeouts: {implicit: 0, pageLoad: 300000, script: 30000}, unhandledPromptBehavior: dismiss and notify, webauthn:extension:credBlob: true, webauthn:extension:largeBlob: true, webauthn:extension:minPinLength: true, webauthn:extension:prf: true, webauthn:virtualAuthenticators: true}
Session ID: 0afaa7cc2287e16da7bc8125f15377d0">
      <![CDATA[org.openqa.selenium.NoSuchElementException: no such element: Unable to locate element: {"method":"xpath","selector":"//span[text()='Tas']"}
  (Session info: chrome=152.0.7977.83)
For documentation on this error, please visit: https://www.selenium.dev/documentation/webdriver/troubleshooting/errors#nosuchelementexception
Build info: version: '4.44.0', revision: 'da2039b'
System info: os.name: 'Mac OS X', os.arch: 'aarch64', os.version: '26.6.2', java.version: '17.0.11'
Driver info: org.openqa.selenium.chrome.ChromeDriver
Command: [0afaa7cc2287e16da7bc8125f15377d0, findElement {value=//span[text()='Tas'], using=xpath}]
Capabilities {acceptInsecureCerts: false, browserName: chrome, browserVersion: 152.0.7977.83, chrome: {chromedriverVersion: 152.0.7977.82 (d04cdb24d67b..., userDataDir: /var/folders/z3/7vw9n37s3bq...}, fedcm:accounts: true, goog:chromeOptions: {debuggerAddress: localhost:52391}, goog:processID: 9520, networkConnectionEnabled: false, pageLoadStrategy: normal, platformName: mac, proxy: Proxy(), se:cdp: ws://localhost:52391/devtoo..., se:cdpVersion: 152.0.7977.83, setWindowRect: true, strictFileInteractability: false, timeouts: {implicit: 0, pageLoad: 300000, script: 30000}, unhandledPromptBehavior: dismiss and notify, webauthn:extension:credBlob: true, webauthn:extension:largeBlob: true, webauthn:extension:minPinLength: true, webauthn:extension:prf: true, webauthn:virtualAuthenticators: true}
Session ID: 0afaa7cc2287e16da7bc8125f15377d0
at org.openqa.selenium.remote.ErrorCodec.decode(ErrorCodec.java:169)
at org.openqa.selenium.remote.codec.w3c.W3CHttpResponseCodec.decode(W3CHttpResponseCodec.java:143)
at org.openqa.selenium.remote.codec.w3c.W3CHttpResponseCodec.decode(W3CHttpResponseCodec.java:50)
at org.openqa.selenium.remote.HttpCommandExecutor.execute(HttpCommandExecutor.java:224)
at org.openqa.selenium.remote.service.DriverCommandExecutor.invokeExecute(DriverCommandExecutor.java:217)
at org.openqa.selenium.remote.service.DriverCommandExecutor.execute(DriverCommandExecutor.java:175)
at org.openqa.selenium.remote.RemoteWebDriver.execute(RemoteWebDriver.java:600)
at org.openqa.selenium.remote.ElementLocation$ElementFinder$2.findElement(ElementLocation.java:173)
at org.openqa.selenium.remote.ElementLocation.findElement(ElementLocation.java:60)
at org.openqa.selenium.remote.RemoteWebDriver.findElement(RemoteWebDriver.java:421)
at org.openqa.selenium.remote.RemoteWebDriver.findElement(RemoteWebDriver.java:415)
at testngScripts.BaseClassUtilization.clickOnTasks(BaseClassUtilization.java:14)
at java.base/java.util.ArrayList.forEach(ArrayList.java:1511)
... Removed 27 stack frames]]>
    </failure>
  </testcase> <!-- clickOnTasks -->
  <testcase classname="testngScripts.BaseClassUtilization" name="clickOnTasks" time="10.13">
    <failure type="java.lang.Error" message="Unresolved compilation problems: 
	file cannot be resolved to a type
	Syntax error on token &amp;quot;=&amp;quot;, delete this token
	Syntax error, insert &amp;quot;;&amp;quot; to complete LocalVariableDeclarationStatement
">
      <![CDATA[java.lang.Error: Unresolved compilation problems: 
file cannot be resolved to a type
Syntax error on token "=", delete this token
Syntax error, insert ";" to complete LocalVariableDeclarationStatement

at testngScripts.ListenerImplementation.onTestFailure(ListenerImplementation.java:30)
at java.base/java.util.ArrayList.forEach(ArrayList.java:1511)
... Removed 24 stack frames]]>
    </failure>
  </testcase> <!-- clickOnTasks -->
</testsuite> <!-- Default test(failed) -->
