<?xml version="1.0" encoding="UTF-8"?>
<!-- Generated by org.testng.reporters.JUnitXMLReporter -->
<testsuite ignored="0" hostname="Priyasas-MacBook-Air-2.local" failures="0" tests="3" name="Default test" time="0.018" errors="0" timestamp="2026-09-03T12:57:02 IST">
  <testcase classname="testngScripts.Demo" name="Test1" time="0.002"/>
  <testcase classname="testngScripts.Demo" name="Test2" time="0.001"/>
  <testcase classname="testngScripts.Demo" name="Test3" time="0.0"/>
</testsuite> <!-- Default test -->
