<?xml version="1.0" encoding="UTF-8"?>
<!-- Generated by org.testng.reporters.JUnitXMLReporter -->
<testsuite ignored="0" hostname="Priyasas-MacBook-Air-2.local" failures="5" tests="49" name="Test" time="0.061" errors="0" timestamp="2026-09-04T12:59:07 IST">
  <testcase classname="testngScripts.updateoustomer" name="updateCoustomer" time="0.004"/>
  <testcase classname="testngScripts.updateoustomer" name="updateCoustomer" time="0.0"/>
  <testcase classname="testngScripts.updateoustomer" name="updateCoustomer" time="0.001"/>
  <testcase classname="testngScripts.updateoustomer" name="updateCoustomer" time="0.0"/>
  <testcase classname="testngScripts.updateoustomer" name="updateCoustomer" time="0.0"/>
  <testcase classname="testngScripts.updateoustomer" name="modifyCoustomer" time="0.0"/>
  <testcase classname="testngScripts.updateoustomer" name="vrifyCoustomer" time="0.0"/>
  <testcase classname="testngScripts.updateoustomer" name="addcreateCoustomer" time="0.0"/>
  <testcase classname="testngScripts.updateoustomer" name="deleteCoustomer" time="0.001">
    <failure type="java.lang.AssertionError">
      <![CDATA[java.lang.AssertionError: 
at testngScripts.updateoustomer.deleteCoustomer(updateoustomer.java:18)
at java.base/java.util.ArrayList.forEach(ArrayList.java:1511)
... Removed 29 stack frames]]>
    </failure>
  </testcase> <!-- deleteCoustomer -->
  <testcase classname="testngScripts.updateoustomer" name="createCoustomer" time="0.0">
    <skipped/>
  </testcase> <!-- createCoustomer -->
  <testcase classname="testngScripts.addCoutomar" name="updateCoustomer" time="0.0"/>
  <testcase classname="testngScripts.addCoutomar" name="updateCoustomer" time="0.0"/>
  <testcase classname="testngScripts.addCoutomar" name="updateCoustomer" time="0.001"/>
  <testcase classname="testngScripts.addCoutomar" name="updateCoustomer" time="0.0"/>
  <testcase classname="testngScripts.addCoutomar" name="updateCoustomer" time="0.0"/>
  <testcase classname="testngScripts.addCoutomar" name="modifyCoustomer" time="0.001"/>
  <testcase classname="testngScripts.addCoutomar" name="vrifyCoustomer" time="0.001"/>
  <testcase classname="testngScripts.addCoutomar" name="addcreateCoustomer" time="0.001"/>
  <testcase classname="testngScripts.addCoutomar" name="deleteCoustomer" time="0.0">
    <failure type="java.lang.AssertionError">
      <![CDATA[java.lang.AssertionError: 
at testngScripts.addCoutomar.deleteCoustomer(addCoutomar.java:18)
at java.base/java.util.ArrayList.forEach(ArrayList.java:1511)
... Removed 29 stack frames]]>
    </failure>
  </testcase> <!-- deleteCoustomer -->
  <testcase classname="testngScripts.addCoutomar" name="createCoustomer" time="0.0">
    <skipped/>
  </testcase> <!-- createCoustomer -->
  <testcase classname="testngScripts.Demo" name="updateCoustomer" time="0.0"/>
  <testcase classname="testngScripts.Demo" name="updateCoustomer" time="0.001"/>
  <testcase classname="testngScripts.Demo" name="updateCoustomer" time="0.001"/>
  <testcase classname="testngScripts.Demo" name="updateCoustomer" time="0.001"/>
  <testcase classname="testngScripts.Demo" name="updateCoustomer" time="0.0"/>
  <testcase classname="testngScripts.Demo" name="modifyCoustomer" time="0.0"/>
  <testcase classname="testngScripts.Demo" name="vrifyCoustomer" time="0.001"/>
  <testcase classname="testngScripts.Demo" name="addcreateCoustomer" time="0.0"/>
  <testcase classname="testngScripts.Demo" name="deleteCoustomer" time="0.0">
    <failure type="java.lang.AssertionError">
      <![CDATA[java.lang.AssertionError: 
at testngScripts.Demo.deleteCoustomer(Demo.java:18)
at java.base/java.util.ArrayList.forEach(ArrayList.java:1511)
... Removed 29 stack frames]]>
    </failure>
  </testcase> <!-- deleteCoustomer -->
  <testcase classname="testngScripts.Demo" name="createCoustomer" time="0.0">
    <skipped/>
  </testcase> <!-- createCoustomer -->
  <testcase classname="testngScripts.createCoustomar" name="updateCoustomer" time="0.001"/>
  <testcase classname="testngScripts.createCoustomar" name="updateCoustomer" time="0.0"/>
  <testcase classname="testngScripts.createCoustomar" name="updateCoustomer" time="0.0"/>
  <testcase classname="testngScripts.createCoustomar" name="updateCoustomer" time="0.0"/>
  <testcase classname="testngScripts.createCoustomar" name="updateCoustomer" time="0.0"/>
  <testcase classname="testngScripts.createCoustomar" name="modifyCoustomer" time="0.0"/>
  <testcase classname="testngScripts.createCoustomar" name="vrifyCoustomer" time="0.0"/>
  <testcase classname="testngScripts.createCoustomar" name="addcreateCoustomer" time="0.0"/>
  <testcase classname="testngScripts.createCoustomar" name="deleteCoustomer" time="0.0">
    <failure type="java.lang.AssertionError">
      <![CDATA[java.lang.AssertionError: 
at testngScripts.createCoustomar.deleteCoustomer(createCoustomar.java:18)
at java.base/java.util.ArrayList.forEach(ArrayList.java:1511)
... Removed 29 stack frames]]>
    </failure>
  </testcase> <!-- deleteCoustomer -->
  <testcase classname="testngScripts.createCoustomar" name="createCoustomer" time="0.0">
    <skipped/>
  </testcase> <!-- createCoustomer -->
  <testcase classname="testngScripts.modifyCoustomer" name="updateCoustomer" time="0.0"/>
  <testcase classname="testngScripts.modifyCoustomer" name="updateCoustomer" time="0.0"/>
  <testcase classname="testngScripts.modifyCoustomer" name="updateCoustomer" time="0.0"/>
  <testcase classname="testngScripts.modifyCoustomer" name="updateCoustomer" time="0.0"/>
  <testcase classname="testngScripts.modifyCoustomer" name="updateCoustomer" time="0.0"/>
  <testcase classname="testngScripts.modifyCoustomer" name="vrifyCoustomer" time="0.0"/>
  <testcase classname="testngScripts.modifyCoustomer" name="addcreateCoustomer" time="0.0"/>
  <testcase classname="testngScripts.modifyCoustomer" name="deleteCoustomer" time="0.001">
    <failure type="java.lang.AssertionError">
      <![CDATA[java.lang.AssertionError: 
at testngScripts.modifyCoustomer.deleteCoustomer(modifyCoustomer.java:18)
at java.base/java.util.ArrayList.forEach(ArrayList.java:1511)
... Removed 29 stack frames]]>
    </failure>
  </testcase> <!-- deleteCoustomer -->
  <testcase classname="testngScripts.modifyCoustomer" name="createCoustomer" time="0.0">
    <skipped/>
  </testcase> <!-- createCoustomer -->
</testsuite> <!-- Test -->
