<?xml version="1.0" encoding="UTF-8"?>
<testng-results ignored="0" total="5" passed="5" failed="0" skipped="0">
  <reporter-output>
    <line>
      <![CDATA[Coustomer Add successfully]]>
    </line>
    <line>
      <![CDATA[Coustomer Create successfully]]>
    </line>
    <line>
      <![CDATA[Coustomer Deleted successfully]]>
    </line>
    <line>
      <![CDATA[Coustomer Modify successfully]]>
    </line>
    <line>
      <![CDATA[Coustomer Update successfully]]>
    </line>
  </reporter-output>
  <suite started-at="2026-09-03T13:09:09 IST" name="Default suite" finished-at="2026-09-03T13:09:09 IST" duration-ms="24">
    <groups>
    </groups>
    <test started-at="2026-09-03T13:09:09 IST" name="Default test" finished-at="2026-09-03T13:09:09 IST" duration-ms="24">
      <class name="testngScripts.Demo">
        <test-method signature="addcreateCoustomer()[pri:0, instance:testngScripts.Demo@647e447]" started-at="2026-09-03T13:09:09 IST" name="addcreateCoustomer" finished-at="2026-09-03T13:09:09 IST" duration-ms="3" status="PASS">
          <reporter-output>
            <line>
              <![CDATA[Coustomer Add successfully]]>
            </line>
          </reporter-output>
        </test-method> <!-- addcreateCoustomer -->
        <test-method signature="createCoustomer()[pri:0, instance:testngScripts.Demo@647e447]" started-at="2026-09-03T13:09:09 IST" name="createCoustomer" finished-at="2026-09-03T13:09:09 IST" duration-ms="0" status="PASS">
          <reporter-output>
            <line>
              <![CDATA[Coustomer Create successfully]]>
            </line>
          </reporter-output>
        </test-method> <!-- createCoustomer -->
        <test-method signature="deleteCoustomer()[pri:0, instance:testngScripts.Demo@647e447]" started-at="2026-09-03T13:09:09 IST" name="deleteCoustomer" finished-at="2026-09-03T13:09:09 IST" duration-ms="0" status="PASS">
          <reporter-output>
            <line>
              <![CDATA[Coustomer Deleted successfully]]>
            </line>
          </reporter-output>
        </test-method> <!-- deleteCoustomer -->
        <test-method signature="modifyCoustomer()[pri:0, instance:testngScripts.Demo@647e447]" started-at="2026-09-03T13:09:09 IST" name="modifyCoustomer" finished-at="2026-09-03T13:09:09 IST" duration-ms="0" status="PASS">
          <reporter-output>
            <line>
              <![CDATA[Coustomer Modify successfully]]>
            </line>
          </reporter-output>
        </test-method> <!-- modifyCoustomer -->
        <test-method signature="updateCoustomer()[pri:0, instance:testngScripts.Demo@647e447]" started-at="2026-09-03T13:09:09 IST" name="updateCoustomer" finished-at="2026-09-03T13:09:09 IST" duration-ms="0" status="PASS">
          <reporter-output>
            <line>
              <![CDATA[Coustomer Update successfully]]>
            </line>
          </reporter-output>
        </test-method> <!-- updateCoustomer -->
      </class> <!-- testngScripts.Demo -->
    </test> <!-- Default test -->
  </suite> <!-- Default suite -->
</testng-results>
