<?xml version="1.0" encoding="UTF-8"?>
<testng-results ignored="0" total="1" passed="1" failed="0" skipped="0">
  <reporter-output>
  </reporter-output>
  <suite started-at="2026-09-08T13:49:30 IST" name="Default suite" finished-at="2026-09-08T13:50:41 IST" duration-ms="71413">
    <groups>
    </groups>
    <test started-at="2026-09-08T13:49:30 IST" name="Default test" finished-at="2026-09-08T13:50:41 IST" duration-ms="71413">
      <class name="testngScripts.Capturingscreenshot">
        <test-method signature="CaptureScreenshot()[pri:0, instance:testngScripts.Capturingscreenshot@c33b74f]" started-at="2026-09-08T13:49:30 IST" name="CaptureScreenshot" finished-at="2026-09-08T13:50:41 IST" duration-ms="71395" status="PASS">
          <reporter-output>
          </reporter-output>
        </test-method> <!-- CaptureScreenshot -->
      </class> <!-- testngScripts.Capturingscreenshot -->
    </test> <!-- Default test -->
  </suite> <!-- Default suite -->
</testng-results>
