<?xml version="1.0" encoding="UTF-8"?>
<!-- Generated by org.testng.reporters.JUnitReportReporter -->
<testsuite hostname="Priyasas-MacBook-Air-2.local" failures="0" tests="3" name="testngScripts.Demo" time="0.003" errors="0" timestamp="2026-09-03T12:57:02 IST" skipped="0">
  <testcase classname="testngScripts.Demo" name="Test1" time="0.002">
    <system-out>
      <![CDATA[Test1 execute]]>
    </system-out>
  </testcase> <!-- Test1 -->
  <testcase classname="testngScripts.Demo" name="Test2" time="0.001">
    <system-out>
      <![CDATA[Test2 execute]]>
    </system-out>
  </testcase> <!-- Test2 -->
  <testcase classname="testngScripts.Demo" name="Test3" time="0.000">
    <system-out>
      <![CDATA[Test3 execute]]>
    </system-out>
  </testcase> <!-- Test3 -->
  <system-out>
    <![CDATA[Test1 execute
Test2 execute
Test3 execute]]>
  </system-out>
</testsuite> <!-- testngScripts.Demo -->
