<?xml version="1.0" encoding="UTF-8"?>
<!-- Generated by org.testng.reporters.JUnitReportReporter -->
<testsuite hostname="Priyasas-MacBook-Air-2.local" failures="1" tests="10" name="testngScripts.Demo" time="0.013" errors="0" timestamp="2026-09-03T14:02:07 IST" skipped="1">
  <testcase classname="testngScripts.Demo" name="updateCoustomer" time="0.000">
    <system-out>
      <![CDATA[Coustomer Update successfully]]>
    </system-out>
  </testcase> <!-- updateCoustomer -->
  <testcase classname="testngScripts.Demo" name="updateCoustomer" time="0.001">
    <system-out>
      <![CDATA[Coustomer Update successfully]]>
    </system-out>
  </testcase> <!-- updateCoustomer -->
  <testcase classname="testngScripts.Demo" name="updateCoustomer" time="0.001">
    <system-out>
      <![CDATA[Coustomer Update successfully]]>
    </system-out>
  </testcase> <!-- updateCoustomer -->
  <testcase classname="testngScripts.Demo" name="updateCoustomer" time="0.001">
    <system-out>
      <![CDATA[Coustomer Update successfully]]>
    </system-out>
  </testcase> <!-- updateCoustomer -->
  <testcase classname="testngScripts.Demo" name="updateCoustomer" time="0.006">
    <system-out>
      <![CDATA[Coustomer Update successfully]]>
    </system-out>
  </testcase> <!-- updateCoustomer -->
  <testcase classname="testngScripts.Demo" name="modifyCoustomer" time="0.001">
    <system-out>
      <![CDATA[Coustomer Modify successfully]]>
    </system-out>
  </testcase> <!-- modifyCoustomer -->
  <testcase classname="testngScripts.Demo" name="vrifyCoustomer" time="0.001">
    <system-out>
      <![CDATA[Coustomer Vrify successfully]]>
    </system-out>
  </testcase> <!-- vrifyCoustomer -->
  <testcase classname="testngScripts.Demo" name="addcreateCoustomer" time="0.001">
    <system-out>
      <![CDATA[Coustomer Add successfully]]>
    </system-out>
  </testcase> <!-- addcreateCoustomer -->
  <testcase classname="testngScripts.Demo" name="deleteCoustomer" time="0.001">
    <failure message="null" type="java.lang.AssertionError">
      <![CDATA[java.lang.AssertionError: null
at org.testng.Assert.fail(Assert.java:111)
at org.testng.Assert.fail(Assert.java:116)
at testngScripts.Demo.deleteCoustomer(Demo.java:17)
at java.base/jdk.internal.reflect.NativeMethodAccessorImpl.invoke0(Native Method)
at java.base/jdk.internal.reflect.NativeMethodAccessorImpl.invoke(NativeMethodAccessorImpl.java:77)
at java.base/jdk.internal.reflect.DelegatingMethodAccessorImpl.invoke(DelegatingMethodAccessorImpl.java:43)
at java.base/java.lang.reflect.Method.invoke(Method.java:568)
at org.testng.internal.invokers.MethodInvocationHelper.invokeMethod(MethodInvocationHelper.java:141)
at org.testng.internal.invokers.TestInvoker.invokeMethod(TestInvoker.java:687)
at org.testng.internal.invokers.TestInvoker.invokeTestMethod(TestInvoker.java:230)
at org.testng.internal.invokers.MethodRunner.runInSequence(MethodRunner.java:63)
at org.testng.internal.invokers.TestInvoker$MethodInvocationAgent.invoke(TestInvoker.java:995)
at org.testng.internal.invokers.TestInvoker.invokeTestMethods(TestInvoker.java:203)
at org.testng.internal.invokers.TestMethodWorker.invokeTestMethods(TestMethodWorker.java:154)
at org.testng.internal.invokers.TestMethodWorker.run(TestMethodWorker.java:134)
at java.base/java.util.ArrayList.forEach(ArrayList.java:1511)
at org.testng.TestRunner.privateRun(TestRunner.java:741)
at org.testng.TestRunner.run(TestRunner.java:616)
at org.testng.SuiteRunner.runTest(SuiteRunner.java:421)
at org.testng.SuiteRunner.runSequentially(SuiteRunner.java:413)
at org.testng.SuiteRunner.privateRun(SuiteRunner.java:373)
at org.testng.SuiteRunner.run(SuiteRunner.java:312)
at org.testng.SuiteRunnerWorker.runSuite(SuiteRunnerWorker.java:52)
at org.testng.SuiteRunnerWorker.run(SuiteRunnerWorker.java:95)
at org.testng.TestNG.runSuitesSequentially(TestNG.java:1274)
at org.testng.TestNG.runSuitesLocally(TestNG.java:1208)
at org.testng.TestNG.runSuites(TestNG.java:1112)
at org.testng.TestNG.run(TestNG.java:1079)
at org.testng.remote.AbstractRemoteTestNG.run(AbstractRemoteTestNG.java:115)
at org.testng.remote.RemoteTestNG.initAndRun(RemoteTestNG.java:293)
at org.testng.remote.RemoteTestNG.main(RemoteTestNG.java:91)
]]>
    </failure>
  </testcase> <!-- deleteCoustomer -->
  <testcase classname="testngScripts.Demo" name="createCoustomer" time="0.000">
    <skipped/>
  </testcase> <!-- createCoustomer -->
  <system-out>
    <![CDATA[Coustomer Update successfully
Coustomer Update successfully
Coustomer Update successfully
Coustomer Update successfully
Coustomer Update successfully
Coustomer Modify successfully
Coustomer Vrify successfully
Coustomer Add successfully]]>
  </system-out>
</testsuite> <!-- testngScripts.Demo -->
